Arguments: 
  /Users/ricardonaoki/.nvm/versions/node/v10.0.0/bin/node /usr/local/Cellar/yarn/1.17.3/libexec/bin/yarn.js build

PATH: 
  /Users/ricardonaoki/.nvm/versions/node/v10.0.0/bin:/Users/ricardonaoki/.pyenv/versions/3.7.2/bin:/Library/Frameworks/Python.framework/Versions/3.7/bin:/usr/local/bin:/usr/bin:/bin:/usr/sbin:/sbin:/usr/local/share/dotnet:~/.dotnet/tools:/Library/Frameworks/Mono.framework/Versions/Current/Commands:/Applications/Xamarin Workbooks.app/Contents/SharedSupport/path-bin:/Users/ricardonaoki/.nvm/versions/node/v10.0.0/bin:/Users/ricardonaoki/.pyenv/versions/3.7.2/bin:/Library/Frameworks/Python.framework/Versions/3.7/bin:/Users/ricardonaoki/Library/Android/sdk/platform-tools/:/Users/ricardonaoki/Library/Android/sdk/platform-tools/

Yarn version: 
  1.17.3

Node version: 
  10.0.0

Platform: 
  darwin x64

Trace: 
  SyntaxError: /Volumes/Samsung_T5/repositorios/temp/Startup-ReactJS-WebDev-Test/package.json: Unexpected token { in JSON at position 1636
      at JSON.parse (<anonymous>)
      at /usr/local/Cellar/yarn/1.17.3/libexec/lib/cli.js:1625:59
      at Generator.next (<anonymous>)
      at step (/usr/local/Cellar/yarn/1.17.3/libexec/lib/cli.js:304:30)
      at /usr/local/Cellar/yarn/1.17.3/libexec/lib/cli.js:315:13
      at run (/usr/local/Cellar/yarn/1.17.3/libexec/lib/cli.js:105421:22)
      at /usr/local/Cellar/yarn/1.17.3/libexec/lib/cli.js:105438:30
      at flush (/usr/local/Cellar/yarn/1.17.3/libexec/lib/cli.js:104922:9)
      at process._tickCallback (internal/process/next_tick.js:172:11)

npm manifest: 
  {
    "name": "github-guru",
    "version": "0.1.0",
    "private": true,
    "engines": {
      "npm": "6.10.1",
      "node": "10.0.0"
    },
    "homepage": "https://longvision.github.io/Startup-ReactJS-WebDev-Test",
    "dependencies": {
      "axios": "^0.19.0",
      "dotenv": "^8.0.0",
      "gh-pages": "^2.1.1",
      "history": "^4.9.0",
      "moment-timezone": "^0.5.26",
      "react": "^16.8.6",
      "react-dom": "^16.8.6",
      "react-redux": "^7.1.0",
      "react-router-dom": "^5.0.1",
      "react-scripts": "3.0.1",
      "reactotron-react-js": "^3.3.2",
      "reactotron-redux": "^3.1.1",
      "reactotron-redux-saga": "^4.2.2",
      "redux-saga": "^1.0.5",
      "reduxsauce": "^1.1.0",
      "styled-components": "^4.3.2"
    },
    "scripts": {
      "start": "react-app-rewired start",
      "build": "react-app-rewired build",
      "test": "react-app-rewired test",
      "eject": "react-scripts eject",
      "predeploy": "npm run build",
      "deploy": "gh-pages -d build"
    },
    "jest": {
      "testMatch": [
        "**/__tests__/**/*.test.js"
      ],
      "setupFilesAfterEnv": [
        "@testing-library/react/cleanup-after-each",
        "@testing-library/jest-dom/extend-expect"
      ],
      "moduleNameMapper": {
        "ˆ~/(.*)": "<rootDir>/src/$1"
      }
    },
    "browserslist": {
      "production": [
        ">0.2%",
        "not dead",
        "not op_mini all"
      ],
      "development": [
        "last 1 chrome version",
        "last 1 firefox version",
        "last 1 safari version"
      ]
    },
    "devDependencies": {
      "@testing-library/jest-dom": "^4.0.0",
      "@testing-library/react": "^8.0.7",
      "@types/jest": "^24.0.16",
      "react-app-rewired": "^2.1.3"
    }
  }
  
  
  {
    "version":"2019-10-20",
    "Statement":[{
      "Sid": "AddPerm",
      "Effect": "Allow",
      "Principal":"*",
      "Action":[
        "s3:GetObject"
      ],
      "Resource":[
        "arn:aws:s3:::githubguru-naoki"
      ]
    }]
  }

yarn manifest: 
  No manifest

Lockfile: 
  No lockfile
